2024-11-01T15:49:28.787655+05:00 - SIGINT received; starting forced shutdown
2024-11-01T15:49:28.788392+05:00 - paused accepting connections on 0.0.0.0:8080
2024-11-01T15:49:28.788578+05:00 - shutting down idle worker
2024-11-01T15:49:28.788624+05:00 - shutting down idle worker
2024-11-01T15:49:28.789090+05:00 - shutting down idle worker
2024-11-01T15:49:28.789335+05:00 - shutting down idle worker
2024-11-01T15:49:28.789729+05:00 - shutting down idle worker
2024-11-01T15:49:28.790036+05:00 - shutting down idle worker
2024-11-01T15:49:28.790200+05:00 - shutting down idle worker
2024-11-01T15:49:28.790377+05:00 - shutting down idle worker
2024-11-01T15:49:28.790508+05:00 - shutting down idle worker
2024-11-01T15:49:28.790941+05:00 - shutting down idle worker
2024-11-01T15:49:28.791086+05:00 - shutting down idle worker
2024-11-01T15:49:28.791202+05:00 - shutting down idle worker
2024-11-01T15:49:28.791274+05:00 - accept thread stopped
2024-11-01T11:02:51.028477841+00:00 - Checking directory: ./downloads
2024-11-01T11:02:51.032888049+00:00 - Directory permissions: Permissions(FilePermissions { mode: 0o040755 (drwxr-xr-x) })
2024-11-01T11:02:51.034400299+00:00 - Write test successful
2024-11-01T11:02:51.034601424+00:00 - Directories checked and ready
2024-11-01T11:02:51.034653424+00:00 - Loading metadata from: ./downloads/metadata.json
2024-11-01T11:02:51.035181633+00:00 - Successfully loaded metadata
2024-11-01T11:02:51.036147841+00:00 - starting 12 workers
2024-11-01T11:02:51.036240216+00:00 - Actix runtime found; starting in Actix runtime
2024-11-01T11:02:51.036361799+00:00 - starting service: "actix-web-service-0.0.0.0:8080", workers: 12, listening on: 0.0.0.0:8080
2024-11-01T11:02:54.640050843+00:00 - error handling /favicon.ico: No such file or directory (os error 2)
2024-11-01T11:02:56.392044427+00:00 - error handling /sw.js: No such file or directory (os error 2)
2024-11-01T11:02:59.227955803+00:00 - error handling /sw.js: No such file or directory (os error 2)
2024-11-01T11:03:05.088106+00:00 - error handling /favicon.ico: No such file or directory (os error 2)
2024-11-01T11:03:06.656328459+00:00 - error handling /sw.js: No such file or directory (os error 2)
2024-11-01T11:03:10.191994461+00:00 - error handling /sw.js: No such file or directory (os error 2)
2024-11-01T11:03:11.378488628+00:00 - error handling /sw.js: No such file or directory (os error 2)
2024-11-01T11:03:14.869213671+00:00 - error handling /favicon.ico: No such file or directory (os error 2)
2024-11-01T12:09:53.065217718+00:00 - error handling /sw.js: No such file or directory (os error 2)
2024-11-03T08:08:31.108733+05:00 - Checking directory: ./downloads
2024-11-03T08:08:31.109049+05:00 - Directory permissions: Permissions(FilePermissions { mode: 0o040755 (drwxr-xr-x) })
2024-11-03T08:08:31.109361+05:00 - Write test successful
2024-11-03T08:08:31.109433+05:00 - Directories checked and ready
2024-11-03T08:08:31.109462+05:00 - Loading metadata from: ./downloads/metadata.json
2024-11-03T08:08:31.110220+05:00 - Successfully loaded metadata
2024-11-03T08:08:31.110971+05:00 - starting 12 workers
2024-11-03T08:08:31.111056+05:00 - Actix runtime found; starting in Actix runtime
2024-11-03T08:08:31.111130+05:00 - starting service: "actix-web-service-0.0.0.0:8080", workers: 12, listening on: 0.0.0.0:8080
2024-11-03T08:08:44.124873+05:00 - error handling /favicon.ico: No such file or directory (os error 2)
2024-11-03T08:08:50.635476+05:00 - Saving metadata to: ./downloads/metadata.json
2024-11-03T08:08:50.637214+05:00 - Successfully saved metadata
2024-11-03T08:08:50.694859+05:00 - Saving metadata to: ./downloads/metadata.json
2024-11-03T08:08:50.695152+05:00 - Successfully saved metadata
2024-11-03T08:09:05.285097+05:00 - SIGINT received; starting forced shutdown
2024-11-03T08:09:05.286470+05:00 - force shutdown worker, closing 1 connections
2024-11-03T08:09:05.287254+05:00 - paused accepting connections on 0.0.0.0:8080
2024-11-03T08:09:05.287398+05:00 - shutting down idle worker
2024-11-03T08:09:05.287527+05:00 - shutting down idle worker
2024-11-03T08:09:05.287767+05:00 - shutting down idle worker
2024-11-03T08:09:05.287895+05:00 - shutting down idle worker
2024-11-03T08:09:05.288005+05:00 - shutting down idle worker
2024-11-03T08:09:05.288190+05:00 - shutting down idle worker
2024-11-03T08:09:05.288319+05:00 - shutting down idle worker
2024-11-03T08:09:05.288419+05:00 - shutting down idle worker
2024-11-03T08:09:05.288560+05:00 - shutting down idle worker
2024-11-03T08:09:05.288688+05:00 - shutting down idle worker
2024-11-03T08:09:05.288819+05:00 - shutting down idle worker
2024-11-03T08:09:05.288851+05:00 - accept thread stopped
2024-11-03T08:20:41.633610+05:00 - Checking directory: ./downloads
2024-11-03T08:20:41.634212+05:00 - Directory permissions: Permissions(FilePermissions { mode: 0o040755 (drwxr-xr-x) })
2024-11-03T08:20:41.634434+05:00 - Write test successful
2024-11-03T08:20:41.634483+05:00 - Directories checked and ready
2024-11-03T08:20:41.634501+05:00 - Loading metadata from: ./downloads/metadata.json
2024-11-03T08:20:41.635+05:00 - Successfully loaded metadata
2024-11-03T08:20:41.635440+05:00 - starting 12 workers
2024-11-03T08:20:41.635490+05:00 - Actix runtime found; starting in Actix runtime
2024-11-03T08:20:41.635538+05:00 - starting service: "actix-web-service-0.0.0.0:8080", workers: 12, listening on: 0.0.0.0:8080
2024-11-03T08:20:52.847108+05:00 - Saving metadata to: ./downloads/metadata.json
2024-11-03T08:20:52.848238+05:00 - Successfully saved metadata
2024-11-03T08:20:52.901782+05:00 - Saving metadata to: ./downloads/metadata.json
2024-11-03T08:20:52.902159+05:00 - Successfully saved metadata
2024-11-03T08:21:39.295681+05:00 - SIGINT received; starting forced shutdown
2024-11-03T08:21:39.296358+05:00 - paused accepting connections on 0.0.0.0:8080
2024-11-03T08:21:39.296411+05:00 - shutting down idle worker
2024-11-03T08:21:39.296440+05:00 - accept thread stopped
2024-11-03T08:21:39.296829+05:00 - shutting down idle worker
2024-11-03T08:21:39.297207+05:00 - shutting down idle worker
2024-11-03T08:21:39.297359+05:00 - shutting down idle worker
2024-11-03T08:21:39.297523+05:00 - shutting down idle worker
2024-11-03T08:21:39.297720+05:00 - shutting down idle worker
2024-11-03T08:21:39.297828+05:00 - shutting down idle worker
2024-11-03T08:21:39.298273+05:00 - shutting down idle worker
2024-11-03T08:21:39.298559+05:00 - shutting down idle worker
2024-11-03T08:21:39.299016+05:00 - shutting down idle worker
2024-11-03T08:21:39.299202+05:00 - shutting down idle worker
2024-11-03T08:21:39.299321+05:00 - force shutdown worker, closing 1 connections
2024-11-03T08:21:40.339166+05:00 - Checking directory: ./downloads
2024-11-03T08:21:40.339363+05:00 - Directory permissions: Permissions(FilePermissions { mode: 0o040755 (drwxr-xr-x) })
2024-11-03T08:21:40.339646+05:00 - Write test successful
2024-11-03T08:21:40.339720+05:00 - Directories checked and ready
2024-11-03T08:21:40.339756+05:00 - Loading metadata from: ./downloads/metadata.json
2024-11-03T08:21:40.340418+05:00 - Successfully loaded metadata
2024-11-03T08:21:40.341180+05:00 - starting 12 workers
2024-11-03T08:21:40.341265+05:00 - Actix runtime found; starting in Actix runtime
2024-11-03T08:21:40.341346+05:00 - starting service: "actix-web-service-0.0.0.0:8080", workers: 12, listening on: 0.0.0.0:8080
2024-11-03T08:21:46.198072+05:00 - SIGINT received; starting forced shutdown
2024-11-03T08:21:46.198857+05:00 - paused accepting connections on 0.0.0.0:8080
2024-11-03T08:21:46.199056+05:00 - shutting down idle worker
2024-11-03T08:21:46.199204+05:00 - shutting down idle worker
2024-11-03T08:21:46.199667+05:00 - force shutdown worker, closing 1 connections
2024-11-03T08:21:46.199844+05:00 - shutting down idle worker
2024-11-03T08:21:46.200179+05:00 - shutting down idle worker
2024-11-03T08:21:46.200566+05:00 - shutting down idle worker
2024-11-03T08:21:46.200821+05:00 - shutting down idle worker
2024-11-03T08:21:46.201253+05:00 - shutting down idle worker
2024-11-03T08:21:46.201377+05:00 - shutting down idle worker
2024-11-03T08:21:46.201540+05:00 - shutting down idle worker
2024-11-03T08:21:46.201647+05:00 - shutting down idle worker
2024-11-03T08:21:46.202086+05:00 - shutting down idle worker
2024-11-03T08:21:46.202179+05:00 - accept thread stopped
